# JRE version: Java(TM) SE Runtime Environment (14.0.2+12) (build 14.0.2+12-46)
# Java VM: Java HotSpot(TM) 64-Bit Server VM (14.0.2+12-46, mixed mode, sharing, tiered, compressed oops, g1 gc, windows-amd64)
Heap:
 garbage-first heap   total 920576K, used 20782K [0x0000000701800000, 0x0000000800000000)
  region size 1024K, 1 young (1024K), 1 survivors (1024K)
 Metaspace       used 12515K, capacity 12842K, committed 13184K, reserved 1060864K
  class space    used 1426K, capacity 1554K, committed 1664K, reserved 1048576K
GC Heap History (20 events):
Event: 65.973 GC heap after
{Heap after GC invocations=73 (full 0):
 garbage-first heap   total 262144K, used 20724K [0x0000000701800000, 0x0000000800000000)
  region size 1024K, 1 young (1024K), 1 survivors (1024K)
 Metaspace       used 12515K, capacity 12842K, committed 13184K, reserved 1060864K
  class space    used 1426K, capacity 1554K, committed 1664K, reserved 1048576K
}
Event: 65.985 GC heap before
{Heap before GC invocations=73 (full 0):
 garbage-first heap   total 262144K, used 175348K [0x0000000701800000, 0x0000000800000000)
  region size 1024K, 153 young (156672K), 1 survivors (1024K)
 Metaspace       used 12515K, capacity 12842K, committed 13184K, reserved 1060864K
  class space    used 1426K, capacity 1554K, committed 1664K, reserved 1048576K
}
Event: 65.986 GC heap after
{Heap after GC invocations=74 (full 0):
 garbage-first heap   total 262144K, used 20733K [0x0000000701800000, 0x0000000800000000)
  region size 1024K, 1 young (1024K), 1 survivors (1024K)
 Metaspace       used 12515K, capacity 12842K, committed 13184K, reserved 1060864K
  class space    used 1426K, capacity 1554K, committed 1664K, reserved 1048576K
}
Event: 65.999 GC heap before
{Heap before GC invocations=74 (full 0):
 garbage-first heap   total 262144K, used 175357K [0x0000000701800000, 0x0000000800000000)
  region size 1024K, 153 young (156672K), 1 survivors (1024K)
 Metaspace       used 12515K, capacity 12842K, committed 13184K, reserved 1060864K
  class space    used 1426K, capacity 1554K, committed 1664K, reserved 1048576K
}
Event: 66.000 GC heap after
{Heap after GC invocations=75 (full 0):
 garbage-first heap   total 262144K, used 20737K [0x0000000701800000, 0x0000000800000000)
  region size 1024K, 1 young (1024K), 1 survivors (1024K)
 Metaspace       used 12515K, capacity 12842K, committed 13184K, reserved 1060864K
  class space    used 1426K, capacity 1554K, committed 1664K, reserved 1048576K
}
Event: 66.012 GC heap before
{Heap before GC invocations=75 (full 0):
 garbage-first heap   total 262144K, used 175361K [0x0000000701800000, 0x0000000800000000)
  region size 1024K, 153 young (156672K), 1 survivors (1024K)
 Metaspace       used 12515K, capacity 12842K, committed 13184K, reserved 1060864K
  class space    used 1426K, capacity 1554K, committed 1664K, reserved 1048576K
}
Event: 66.013 GC heap after
{Heap after GC invocations=76 (full 0):
 garbage-first heap   total 262144K, used 20746K [0x0000000701800000, 0x0000000800000000)
  region size 1024K, 1 young (1024K), 1 survivors (1024K)
 Metaspace       used 12515K, capacity 12842K, committed 13184K, reserved 1060864K
  class space    used 1426K, capacity 1554K, committed 1664K, reserved 1048576K
}
Event: 66.026 GC heap before
{Heap before GC invocations=76 (full 0):
 garbage-first heap   total 262144K, used 175370K [0x0000000701800000, 0x0000000800000000)
  region size 1024K, 153 young (156672K), 1 survivors (1024K)
 Metaspace       used 12515K, capacity 12842K, committed 13184K, reserved 1060864K
  class space    used 1426K, capacity 1554K, committed 1664K, reserved 1048576K
}
Event: 66.027 GC heap after
{Heap after GC invocations=77 (full 0):
 garbage-first heap   total 262144K, used 20745K [0x0000000701800000, 0x0000000800000000)
  region size 1024K, 1 young (1024K), 1 survivors (1024K)
 Metaspace       used 12515K, capacity 12842K, committed 13184K, reserved 1060864K
  class space    used 1426K, capacity 1554K, committed 1664K, reserved 1048576K
}
Event: 66.038 GC heap before
{Heap before GC invocations=77 (full 0):
 garbage-first heap   total 262144K, used 175369K [0x0000000701800000, 0x0000000800000000)
  region size 1024K, 153 young (156672K), 1 survivors (1024K)
 Metaspace       used 12515K, capacity 12842K, committed 13184K, reserved 1060864K
  class space    used 1426K, capacity 1554K, committed 1664K, reserved 1048576K
}
Event: 66.039 GC heap after
{Heap after GC invocations=78 (full 0):
 garbage-first heap   total 262144K, used 20751K [0x0000000701800000, 0x0000000800000000)
  region size 1024K, 1 young (1024K), 1 survivors (1024K)
 Metaspace       used 12515K, capacity 12842K, committed 13184K, reserved 1060864K
  class space    used 1426K, capacity 1554K, committed 1664K, reserved 1048576K
}
Event: 66.051 GC heap before
{Heap before GC invocations=78 (full 0):
 garbage-first heap   total 262144K, used 175375K [0x0000000701800000, 0x0000000800000000)
  region size 1024K, 153 young (156672K), 1 survivors (1024K)
 Metaspace       used 12515K, capacity 12842K, committed 13184K, reserved 1060864K
  class space    used 1426K, capacity 1554K, committed 1664K, reserved 1048576K
}
Event: 66.054 GC heap after
{Heap after GC invocations=79 (full 0):
 garbage-first heap   total 462848K, used 20759K [0x0000000701800000, 0x0000000800000000)
  region size 1024K, 1 young (1024K), 1 survivors (1024K)
 Metaspace       used 12515K, capacity 12842K, committed 13184K, reserved 1060864K
  class space    used 1426K, capacity 1554K, committed 1664K, reserved 1048576K
}
Event: 66.134 GC heap before
{Heap before GC invocations=79 (full 0):
 garbage-first heap   total 462848K, used 296215K [0x0000000701800000, 0x0000000800000000)
  region size 1024K, 271 young (277504K), 1 survivors (1024K)
 Metaspace       used 12515K, capacity 12842K, committed 13184K, reserved 1060864K
  class space    used 1426K, capacity 1554K, committed 1664K, reserved 1048576K
}
Event: 66.136 GC heap after
{Heap after GC invocations=80 (full 0):
 garbage-first heap   total 462848K, used 20764K [0x0000000701800000, 0x0000000800000000)
  region size 1024K, 1 young (1024K), 1 survivors (1024K)
 Metaspace       used 12515K, capacity 12842K, committed 13184K, reserved 1060864K
  class space    used 1426K, capacity 1554K, committed 1664K, reserved 1048576K
}
Event: 66.160 GC heap before
{Heap before GC invocations=80 (full 0):
 garbage-first heap   total 462848K, used 296220K [0x0000000701800000, 0x0000000800000000)
  region size 1024K, 271 young (277504K), 1 survivors (1024K)
 Metaspace       used 12515K, capacity 12842K, committed 13184K, reserved 1060864K
  class space    used 1426K, capacity 1554K, committed 1664K, reserved 1048576K
}
Event: 66.161 GC heap after
{Heap after GC invocations=81 (full 0):
 garbage-first heap   total 462848K, used 20770K [0x0000000701800000, 0x0000000800000000)
  region size 1024K, 1 young (1024K), 1 survivors (1024K)
 Metaspace       used 12515K, capacity 12842K, committed 13184K, reserved 1060864K
  class space    used 1426K, capacity 1554K, committed 1664K, reserved 1048576K
}
Event: 66.184 GC heap before
{Heap before GC invocations=81 (full 0):
 garbage-first heap   total 462848K, used 296226K [0x0000000701800000, 0x0000000800000000)
  region size 1024K, 271 young (277504K), 1 survivors (1024K)
 Metaspace       used 12515K, capacity 12842K, committed 13184K, reserved 1060864K
  class space    used 1426K, capacity 1554K, committed 1664K, reserved 1048576K
}
Event: 66.185 GC heap after
{Heap after GC invocations=82 (full 0):
 garbage-first heap   total 462848K, used 20776K [0x0000000701800000, 0x0000000800000000)
  region size 1024K, 1 young (1024K), 1 survivors (1024K)
 Metaspace       used 12515K, capacity 12842K, committed 13184K, reserved 1060864K
  class space    used 1426K, capacity 1554K, committed 1664K, reserved 1048576K
}
Event: 66.208 GC heap before
{Heap before GC invocations=82 (full 0):
 garbage-first heap   total 462848K, used 296232K [0x0000000701800000, 0x0000000800000000)
  region size 1024K, 271 young (277504K), 1 survivors (1024K)
 Metaspace       used 12515K, capacity 12842K, committed 13184K, reserved 1060864K
  class space    used 1426K, capacity 1554K, committed 1664K, reserved 1048576K
}

