# JRE version: Java(TM) SE Runtime Environment (14.0.2+12) (build 14.0.2+12-46)
# Java VM: Java HotSpot(TM) 64-Bit Server VM (14.0.2+12-46, mixed mode, sharing, tiered, compressed oops, g1 gc, windows-amd64)
Heap:
 garbage-first heap   total 1118208K, used 6003K [0x0000000701800000, 0x0000000800000000)
  region size 1024K, 1 young (1024K), 1 survivors (1024K)
 Metaspace       used 12351K, capacity 12618K, committed 12928K, reserved 1060864K
  class space    used 1417K, capacity 1571K, committed 1664K, reserved 1048576K
GC Heap History (20 events):
Event: 74.430 GC heap after
{Heap after GC invocations=10 (full 0):
 garbage-first heap   total 262144K, used 5369K [0x0000000701800000, 0x0000000800000000)
  region size 1024K, 4 young (4096K), 4 survivors (4096K)
 Metaspace       used 12323K, capacity 12618K, committed 12928K, reserved 1060864K
  class space    used 1417K, capacity 1571K, committed 1664K, reserved 1048576K
}
Event: 74.470 GC heap before
{Heap before GC invocations=10 (full 0):
 garbage-first heap   total 262144K, used 157945K [0x0000000701800000, 0x0000000800000000)
  region size 1024K, 153 young (156672K), 4 survivors (4096K)
 Metaspace       used 12346K, capacity 12618K, committed 12928K, reserved 1060864K
  class space    used 1417K, capacity 1571K, committed 1664K, reserved 1048576K
}
Event: 74.473 GC heap after
{Heap after GC invocations=11 (full 0):
 garbage-first heap   total 262144K, used 6039K [0x0000000701800000, 0x0000000800000000)
  region size 1024K, 3 young (3072K), 3 survivors (3072K)
 Metaspace       used 12346K, capacity 12618K, committed 12928K, reserved 1060864K
  class space    used 1417K, capacity 1571K, committed 1664K, reserved 1048576K
}
Event: 74.486 GC heap before
{Heap before GC invocations=11 (full 0):
 garbage-first heap   total 262144K, used 158615K [0x0000000701800000, 0x0000000800000000)
  region size 1024K, 153 young (156672K), 3 survivors (3072K)
 Metaspace       used 12349K, capacity 12618K, committed 12928K, reserved 1060864K
  class space    used 1417K, capacity 1571K, committed 1664K, reserved 1048576K
}
Event: 74.488 GC heap after
{Heap after GC invocations=12 (full 0):
 garbage-first heap   total 262144K, used 6036K [0x0000000701800000, 0x0000000800000000)
  region size 1024K, 3 young (3072K), 3 survivors (3072K)
 Metaspace       used 12349K, capacity 12618K, committed 12928K, reserved 1060864K
  class space    used 1417K, capacity 1571K, committed 1664K, reserved 1048576K
}
Event: 74.500 GC heap before
{Heap before GC invocations=12 (full 0):
 garbage-first heap   total 262144K, used 158612K [0x0000000701800000, 0x0000000800000000)
  region size 1024K, 153 young (156672K), 3 survivors (3072K)
 Metaspace       used 12349K, capacity 12618K, committed 12928K, reserved 1060864K
  class space    used 1417K, capacity 1571K, committed 1664K, reserved 1048576K
}
Event: 74.503 GC heap after
{Heap after GC invocations=13 (full 0):
 garbage-first heap   total 262144K, used 6045K [0x0000000701800000, 0x0000000800000000)
  region size 1024K, 3 young (3072K), 3 survivors (3072K)
 Metaspace       used 12349K, capacity 12618K, committed 12928K, reserved 1060864K
  class space    used 1417K, capacity 1571K, committed 1664K, reserved 1048576K
}
Event: 74.513 GC heap before
{Heap before GC invocations=13 (full 0):
 garbage-first heap   total 262144K, used 158621K [0x0000000701800000, 0x0000000800000000)
  region size 1024K, 153 young (156672K), 3 survivors (3072K)
 Metaspace       used 12349K, capacity 12618K, committed 12928K, reserved 1060864K
  class space    used 1417K, capacity 1571K, committed 1664K, reserved 1048576K
}
Event: 74.516 GC heap after
{Heap after GC invocations=14 (full 0):
 garbage-first heap   total 262144K, used 6045K [0x0000000701800000, 0x0000000800000000)
  region size 1024K, 3 young (3072K), 3 survivors (3072K)
 Metaspace       used 12349K, capacity 12618K, committed 12928K, reserved 1060864K
  class space    used 1417K, capacity 1571K, committed 1664K, reserved 1048576K
}
Event: 74.529 GC heap before
{Heap before GC invocations=14 (full 0):
 garbage-first heap   total 262144K, used 158621K [0x0000000701800000, 0x0000000800000000)
  region size 1024K, 153 young (156672K), 3 survivors (3072K)
 Metaspace       used 12349K, capacity 12618K, committed 12928K, reserved 1060864K
  class space    used 1417K, capacity 1571K, committed 1664K, reserved 1048576K
}
Event: 74.532 GC heap after
{Heap after GC invocations=15 (full 0):
 garbage-first heap   total 262144K, used 6068K [0x0000000701800000, 0x0000000800000000)
  region size 1024K, 3 young (3072K), 3 survivors (3072K)
 Metaspace       used 12349K, capacity 12618K, committed 12928K, reserved 1060864K
  class space    used 1417K, capacity 1571K, committed 1664K, reserved 1048576K
}
Event: 74.545 GC heap before
{Heap before GC invocations=15 (full 0):
 garbage-first heap   total 262144K, used 158644K [0x0000000701800000, 0x0000000800000000)
  region size 1024K, 153 young (156672K), 3 survivors (3072K)
 Metaspace       used 12349K, capacity 12618K, committed 12928K, reserved 1060864K
  class space    used 1417K, capacity 1571K, committed 1664K, reserved 1048576K
}
Event: 74.552 GC heap after
{Heap after GC invocations=16 (full 0):
 garbage-first heap   total 559104K, used 6093K [0x0000000701800000, 0x0000000800000000)
  region size 1024K, 1 young (1024K), 1 survivors (1024K)
 Metaspace       used 12349K, capacity 12618K, committed 12928K, reserved 1060864K
  class space    used 1417K, capacity 1571K, committed 1664K, reserved 1048576K
}
Event: 74.676 GC heap before
{Heap before GC invocations=16 (full 0):
 garbage-first heap   total 559104K, used 338893K [0x0000000701800000, 0x0000000800000000)
  region size 1024K, 327 young (334848K), 1 survivors (1024K)
 Metaspace       used 12349K, capacity 12618K, committed 12928K, reserved 1060864K
  class space    used 1417K, capacity 1571K, committed 1664K, reserved 1048576K
}
Event: 74.677 GC heap after
{Heap after GC invocations=17 (full 0):
 garbage-first heap   total 559104K, used 6198K [0x0000000701800000, 0x0000000800000000)
  region size 1024K, 1 young (1024K), 1 survivors (1024K)
 Metaspace       used 12349K, capacity 12618K, committed 12928K, reserved 1060864K
  class space    used 1417K, capacity 1571K, committed 1664K, reserved 1048576K
}
Event: 74.716 GC heap before
{Heap before GC invocations=17 (full 0):
 garbage-first heap   total 559104K, used 338998K [0x0000000701800000, 0x0000000800000000)
  region size 1024K, 327 young (334848K), 1 survivors (1024K)
 Metaspace       used 12349K, capacity 12618K, committed 12928K, reserved 1060864K
  class space    used 1417K, capacity 1571K, committed 1664K, reserved 1048576K
}
Event: 74.717 GC heap after
{Heap after GC invocations=18 (full 0):
 garbage-first heap   total 559104K, used 6218K [0x0000000701800000, 0x0000000800000000)
  region size 1024K, 1 young (1024K), 1 survivors (1024K)
 Metaspace       used 12349K, capacity 12618K, committed 12928K, reserved 1060864K
  class space    used 1417K, capacity 1571K, committed 1664K, reserved 1048576K
}
Event: 74.751 GC heap before
{Heap before GC invocations=18 (full 0):
 garbage-first heap   total 559104K, used 339018K [0x0000000701800000, 0x0000000800000000)
  region size 1024K, 327 young (334848K), 1 survivors (1024K)
 Metaspace       used 12351K, capacity 12618K, committed 12928K, reserved 1060864K
  class space    used 1417K, capacity 1571K, committed 1664K, reserved 1048576K
}
Event: 74.753 GC heap after
{Heap after GC invocations=19 (full 0):
 garbage-first heap   total 559104K, used 6002K [0x0000000701800000, 0x0000000800000000)
  region size 1024K, 1 young (1024K), 1 survivors (1024K)
 Metaspace       used 12351K, capacity 12618K, committed 12928K, reserved 1060864K
  class space    used 1417K, capacity 1571K, committed 1664K, reserved 1048576K
}
Event: 74.777 GC heap before
{Heap before GC invocations=19 (full 0):
 garbage-first heap   total 559104K, used 338802K [0x0000000701800000, 0x0000000800000000)
  region size 1024K, 327 young (334848K), 1 survivors (1024K)
 Metaspace       used 12351K, capacity 12618K, committed 12928K, reserved 1060864K
  class space    used 1417K, capacity 1571K, committed 1664K, reserved 1048576K
}

