# JRE version: Java(TM) SE Runtime Environment (14.0.2+12) (build 14.0.2+12-46)
# Java VM: Java HotSpot(TM) 64-Bit Server VM (14.0.2+12-46, mixed mode, sharing, tiered, compressed oops, g1 gc, windows-amd64)
Heap:
 garbage-first heap   total 1155072K, used 30107K [0x0000000701800000, 0x0000000800000000)
  region size 1024K, 7 young (7168K), 7 survivors (7168K)
 Metaspace       used 12243K, capacity 12563K, committed 12928K, reserved 1060864K
  class space    used 1412K, capacity 1549K, committed 1664K, reserved 1048576K
GC Heap History (20 events):
Event: 53.465 GC heap after
{Heap after GC invocations=93 (full 0):
 garbage-first heap   total 454656K, used 29794K [0x0000000701800000, 0x0000000800000000)
  region size 1024K, 11 young (11264K), 11 survivors (11264K)
 Metaspace       used 12243K, capacity 12563K, committed 12928K, reserved 1060864K
  class space    used 1412K, capacity 1549K, committed 1664K, reserved 1048576K
}
Event: 53.485 GC heap before
{Heap before GC invocations=93 (full 0):
 garbage-first heap   total 454656K, used 289890K [0x0000000701800000, 0x0000000800000000)
  region size 1024K, 266 young (272384K), 11 survivors (11264K)
 Metaspace       used 12243K, capacity 12563K, committed 12928K, reserved 1060864K
  class space    used 1412K, capacity 1549K, committed 1664K, reserved 1048576K
}
Event: 53.490 GC heap after
{Heap after GC invocations=94 (full 0):
 garbage-first heap   total 454656K, used 30035K [0x0000000701800000, 0x0000000800000000)
  region size 1024K, 11 young (11264K), 11 survivors (11264K)
 Metaspace       used 12243K, capacity 12563K, committed 12928K, reserved 1060864K
  class space    used 1412K, capacity 1549K, committed 1664K, reserved 1048576K
}
Event: 53.511 GC heap before
{Heap before GC invocations=94 (full 0):
 garbage-first heap   total 454656K, used 290131K [0x0000000701800000, 0x0000000800000000)
  region size 1024K, 266 young (272384K), 11 survivors (11264K)
 Metaspace       used 12243K, capacity 12563K, committed 12928K, reserved 1060864K
  class space    used 1412K, capacity 1549K, committed 1664K, reserved 1048576K
}
Event: 53.517 GC heap after
{Heap after GC invocations=95 (full 0):
 garbage-first heap   total 454656K, used 30035K [0x0000000701800000, 0x0000000800000000)
  region size 1024K, 11 young (11264K), 11 survivors (11264K)
 Metaspace       used 12243K, capacity 12563K, committed 12928K, reserved 1060864K
  class space    used 1412K, capacity 1549K, committed 1664K, reserved 1048576K
}
Event: 53.537 GC heap before
{Heap before GC invocations=95 (full 0):
 garbage-first heap   total 454656K, used 290131K [0x0000000701800000, 0x0000000800000000)
  region size 1024K, 266 young (272384K), 11 survivors (11264K)
 Metaspace       used 12243K, capacity 12563K, committed 12928K, reserved 1060864K
  class space    used 1412K, capacity 1549K, committed 1664K, reserved 1048576K
}
Event: 53.542 GC heap after
{Heap after GC invocations=96 (full 0):
 garbage-first heap   total 454656K, used 30043K [0x0000000701800000, 0x0000000800000000)
  region size 1024K, 11 young (11264K), 11 survivors (11264K)
 Metaspace       used 12243K, capacity 12563K, committed 12928K, reserved 1060864K
  class space    used 1412K, capacity 1549K, committed 1664K, reserved 1048576K
}
Event: 53.563 GC heap before
{Heap before GC invocations=96 (full 0):
 garbage-first heap   total 454656K, used 290139K [0x0000000701800000, 0x0000000800000000)
  region size 1024K, 266 young (272384K), 11 survivors (11264K)
 Metaspace       used 12243K, capacity 12563K, committed 12928K, reserved 1060864K
  class space    used 1412K, capacity 1549K, committed 1664K, reserved 1048576K
}
Event: 53.568 GC heap after
{Heap after GC invocations=97 (full 0):
 garbage-first heap   total 454656K, used 30038K [0x0000000701800000, 0x0000000800000000)
  region size 1024K, 11 young (11264K), 11 survivors (11264K)
 Metaspace       used 12243K, capacity 12563K, committed 12928K, reserved 1060864K
  class space    used 1412K, capacity 1549K, committed 1664K, reserved 1048576K
}
Event: 53.589 GC heap before
{Heap before GC invocations=97 (full 0):
 garbage-first heap   total 454656K, used 290134K [0x0000000701800000, 0x0000000800000000)
  region size 1024K, 266 young (272384K), 11 survivors (11264K)
 Metaspace       used 12243K, capacity 12563K, committed 12928K, reserved 1060864K
  class space    used 1412K, capacity 1549K, committed 1664K, reserved 1048576K
}
Event: 53.595 GC heap after
{Heap after GC invocations=98 (full 0):
 garbage-first heap   total 454656K, used 30046K [0x0000000701800000, 0x0000000800000000)
  region size 1024K, 11 young (11264K), 11 survivors (11264K)
 Metaspace       used 12243K, capacity 12563K, committed 12928K, reserved 1060864K
  class space    used 1412K, capacity 1549K, committed 1664K, reserved 1048576K
}
Event: 53.616 GC heap before
{Heap before GC invocations=98 (full 0):
 garbage-first heap   total 454656K, used 290142K [0x0000000701800000, 0x0000000800000000)
  region size 1024K, 266 young (272384K), 11 survivors (11264K)
 Metaspace       used 12243K, capacity 12563K, committed 12928K, reserved 1060864K
  class space    used 1412K, capacity 1549K, committed 1664K, reserved 1048576K
}
Event: 53.622 GC heap after
{Heap after GC invocations=99 (full 0):
 garbage-first heap   total 454656K, used 30050K [0x0000000701800000, 0x0000000800000000)
  region size 1024K, 11 young (11264K), 11 survivors (11264K)
 Metaspace       used 12243K, capacity 12563K, committed 12928K, reserved 1060864K
  class space    used 1412K, capacity 1549K, committed 1664K, reserved 1048576K
}
Event: 53.642 GC heap before
{Heap before GC invocations=99 (full 0):
 garbage-first heap   total 454656K, used 290146K [0x0000000701800000, 0x0000000800000000)
  region size 1024K, 266 young (272384K), 11 survivors (11264K)
 Metaspace       used 12243K, capacity 12563K, committed 12928K, reserved 1060864K
  class space    used 1412K, capacity 1549K, committed 1664K, reserved 1048576K
}
Event: 53.648 GC heap after
{Heap after GC invocations=100 (full 0):
 garbage-first heap   total 454656K, used 30287K [0x0000000701800000, 0x0000000800000000)
  region size 1024K, 11 young (11264K), 11 survivors (11264K)
 Metaspace       used 12243K, capacity 12563K, committed 12928K, reserved 1060864K
  class space    used 1412K, capacity 1549K, committed 1664K, reserved 1048576K
}
Event: 53.667 GC heap before
{Heap before GC invocations=100 (full 0):
 garbage-first heap   total 454656K, used 290383K [0x0000000701800000, 0x0000000800000000)
  region size 1024K, 266 young (272384K), 11 survivors (11264K)
 Metaspace       used 12243K, capacity 12563K, committed 12928K, reserved 1060864K
  class space    used 1412K, capacity 1549K, committed 1664K, reserved 1048576K
}
Event: 53.673 GC heap after
{Heap after GC invocations=101 (full 0):
 garbage-first heap   total 454656K, used 30061K [0x0000000701800000, 0x0000000800000000)
  region size 1024K, 11 young (11264K), 11 survivors (11264K)
 Metaspace       used 12243K, capacity 12563K, committed 12928K, reserved 1060864K
  class space    used 1412K, capacity 1549K, committed 1664K, reserved 1048576K
}
Event: 53.693 GC heap before
{Heap before GC invocations=101 (full 0):
 garbage-first heap   total 454656K, used 290157K [0x0000000701800000, 0x0000000800000000)
  region size 1024K, 266 young (272384K), 11 survivors (11264K)
 Metaspace       used 12243K, capacity 12563K, committed 12928K, reserved 1060864K
  class space    used 1412K, capacity 1549K, committed 1664K, reserved 1048576K
}
Event: 53.699 GC heap after
{Heap after GC invocations=102 (full 0):
 garbage-first heap   total 454656K, used 30061K [0x0000000701800000, 0x0000000800000000)
  region size 1024K, 11 young (11264K), 11 survivors (11264K)
 Metaspace       used 12243K, capacity 12563K, committed 12928K, reserved 1060864K
  class space    used 1412K, capacity 1549K, committed 1664K, reserved 1048576K
}
Event: 53.720 GC heap before
{Heap before GC invocations=102 (full 0):
 garbage-first heap   total 454656K, used 290157K [0x0000000701800000, 0x0000000800000000)
  region size 1024K, 266 young (272384K), 11 survivors (11264K)
 Metaspace       used 12243K, capacity 12563K, committed 12928K, reserved 1060864K
  class space    used 1412K, capacity 1549K, committed 1664K, reserved 1048576K
}

