# JRE version: Java(TM) SE Runtime Environment (14.0.2+12) (build 14.0.2+12-46)
# Java VM: Java HotSpot(TM) 64-Bit Server VM (14.0.2+12-46, mixed mode, sharing, tiered, compressed oops, g1 gc, windows-amd64)
Heap:
 garbage-first heap   total 1035264K, used 113041K [0x0000000701800000, 0x0000000800000000)
  region size 1024K, 1 young (1024K), 1 survivors (1024K)
 Metaspace       used 13077K, capacity 13373K, committed 13696K, reserved 1060864K
  class space    used 1454K, capacity 1583K, committed 1664K, reserved 1048576K
GC Heap History (20 events):
Event: 151.289 GC heap after
{Heap after GC invocations=58 (full 0):
 garbage-first heap   total 327680K, used 112864K [0x0000000701800000, 0x0000000800000000)
  region size 1024K, 1 young (1024K), 1 survivors (1024K)
 Metaspace       used 13077K, capacity 13373K, committed 13696K, reserved 1060864K
  class space    used 1454K, capacity 1583K, committed 1664K, reserved 1048576K
}
Event: 151.302 GC heap before
{Heap before GC invocations=58 (full 0):
 garbage-first heap   total 327680K, used 288992K [0x0000000701800000, 0x0000000800000000)
  region size 1024K, 174 young (178176K), 1 survivors (1024K)
 Metaspace       used 13077K, capacity 13373K, committed 13696K, reserved 1060864K
  class space    used 1454K, capacity 1583K, committed 1664K, reserved 1048576K
}
Event: 151.303 GC heap after
{Heap after GC invocations=59 (full 0):
 garbage-first heap   total 327680K, used 112882K [0x0000000701800000, 0x0000000800000000)
  region size 1024K, 1 young (1024K), 1 survivors (1024K)
 Metaspace       used 13077K, capacity 13373K, committed 13696K, reserved 1060864K
  class space    used 1454K, capacity 1583K, committed 1664K, reserved 1048576K
}
Event: 151.317 GC heap before
{Heap before GC invocations=59 (full 0):
 garbage-first heap   total 327680K, used 290034K [0x0000000701800000, 0x0000000800000000)
  region size 1024K, 175 young (179200K), 1 survivors (1024K)
 Metaspace       used 13077K, capacity 13373K, committed 13696K, reserved 1060864K
  class space    used 1454K, capacity 1583K, committed 1664K, reserved 1048576K
}
Event: 151.318 GC heap after
{Heap after GC invocations=60 (full 0):
 garbage-first heap   total 327680K, used 112898K [0x0000000701800000, 0x0000000800000000)
  region size 1024K, 1 young (1024K), 1 survivors (1024K)
 Metaspace       used 13077K, capacity 13373K, committed 13696K, reserved 1060864K
  class space    used 1454K, capacity 1583K, committed 1664K, reserved 1048576K
}
Event: 151.332 GC heap before
{Heap before GC invocations=60 (full 0):
 garbage-first heap   total 327680K, used 290050K [0x0000000701800000, 0x0000000800000000)
  region size 1024K, 175 young (179200K), 1 survivors (1024K)
 Metaspace       used 13077K, capacity 13373K, committed 13696K, reserved 1060864K
  class space    used 1454K, capacity 1583K, committed 1664K, reserved 1048576K
}
Event: 151.333 GC heap after
{Heap after GC invocations=61 (full 0):
 garbage-first heap   total 327680K, used 112923K [0x0000000701800000, 0x0000000800000000)
  region size 1024K, 1 young (1024K), 1 survivors (1024K)
 Metaspace       used 13077K, capacity 13373K, committed 13696K, reserved 1060864K
  class space    used 1454K, capacity 1583K, committed 1664K, reserved 1048576K
}
Event: 151.346 GC heap before
{Heap before GC invocations=61 (full 0):
 garbage-first heap   total 327680K, used 290075K [0x0000000701800000, 0x0000000800000000)
  region size 1024K, 175 young (179200K), 1 survivors (1024K)
 Metaspace       used 13077K, capacity 13373K, committed 13696K, reserved 1060864K
  class space    used 1454K, capacity 1583K, committed 1664K, reserved 1048576K
}
Event: 151.348 GC heap after
{Heap after GC invocations=62 (full 0):
 garbage-first heap   total 327680K, used 112934K [0x0000000701800000, 0x0000000800000000)
  region size 1024K, 1 young (1024K), 1 survivors (1024K)
 Metaspace       used 13077K, capacity 13373K, committed 13696K, reserved 1060864K
  class space    used 1454K, capacity 1583K, committed 1664K, reserved 1048576K
}
Event: 151.362 GC heap before
{Heap before GC invocations=62 (full 0):
 garbage-first heap   total 327680K, used 290086K [0x0000000701800000, 0x0000000800000000)
  region size 1024K, 175 young (179200K), 1 survivors (1024K)
 Metaspace       used 13077K, capacity 13373K, committed 13696K, reserved 1060864K
  class space    used 1454K, capacity 1583K, committed 1664K, reserved 1048576K
}
Event: 151.363 GC heap after
{Heap after GC invocations=63 (full 0):
 garbage-first heap   total 327680K, used 112957K [0x0000000701800000, 0x0000000800000000)
  region size 1024K, 1 young (1024K), 1 survivors (1024K)
 Metaspace       used 13077K, capacity 13373K, committed 13696K, reserved 1060864K
  class space    used 1454K, capacity 1583K, committed 1664K, reserved 1048576K
}
Event: 151.377 GC heap before
{Heap before GC invocations=63 (full 0):
 garbage-first heap   total 327680K, used 290109K [0x0000000701800000, 0x0000000800000000)
  region size 1024K, 175 young (179200K), 1 survivors (1024K)
 Metaspace       used 13077K, capacity 13373K, committed 13696K, reserved 1060864K
  class space    used 1454K, capacity 1583K, committed 1664K, reserved 1048576K
}
Event: 151.380 GC heap after
{Heap after GC invocations=64 (full 0):
 garbage-first heap   total 564224K, used 112970K [0x0000000701800000, 0x0000000800000000)
  region size 1024K, 1 young (1024K), 1 survivors (1024K)
 Metaspace       used 13077K, capacity 13373K, committed 13696K, reserved 1060864K
  class space    used 1454K, capacity 1583K, committed 1664K, reserved 1048576K
}
Event: 151.474 GC heap before
{Heap before GC invocations=64 (full 0):
 garbage-first heap   total 564224K, used 448842K [0x0000000701800000, 0x0000000800000000)
  region size 1024K, 330 young (337920K), 1 survivors (1024K)
 Metaspace       used 13077K, capacity 13373K, committed 13696K, reserved 1060864K
  class space    used 1454K, capacity 1583K, committed 1664K, reserved 1048576K
}
Event: 151.475 GC heap after
{Heap after GC invocations=65 (full 0):
 garbage-first heap   total 564224K, used 112989K [0x0000000701800000, 0x0000000800000000)
  region size 1024K, 1 young (1024K), 1 survivors (1024K)
 Metaspace       used 13077K, capacity 13373K, committed 13696K, reserved 1060864K
  class space    used 1454K, capacity 1583K, committed 1664K, reserved 1048576K
}
Event: 151.508 GC heap before
{Heap before GC invocations=65 (full 0):
 garbage-first heap   total 564224K, used 448861K [0x0000000701800000, 0x0000000800000000)
  region size 1024K, 330 young (337920K), 1 survivors (1024K)
 Metaspace       used 13077K, capacity 13373K, committed 13696K, reserved 1060864K
  class space    used 1454K, capacity 1583K, committed 1664K, reserved 1048576K
}
Event: 151.510 GC heap after
{Heap after GC invocations=66 (full 0):
 garbage-first heap   total 564224K, used 113013K [0x0000000701800000, 0x0000000800000000)
  region size 1024K, 1 young (1024K), 1 survivors (1024K)
 Metaspace       used 13077K, capacity 13373K, committed 13696K, reserved 1060864K
  class space    used 1454K, capacity 1583K, committed 1664K, reserved 1048576K
}
Event: 151.533 GC heap before
{Heap before GC invocations=66 (full 0):
 garbage-first heap   total 564224K, used 448885K [0x0000000701800000, 0x0000000800000000)
  region size 1024K, 330 young (337920K), 1 survivors (1024K)
 Metaspace       used 13077K, capacity 13373K, committed 13696K, reserved 1060864K
  class space    used 1454K, capacity 1583K, committed 1664K, reserved 1048576K
}
Event: 151.535 GC heap after
{Heap after GC invocations=67 (full 0):
 garbage-first heap   total 564224K, used 113027K [0x0000000701800000, 0x0000000800000000)
  region size 1024K, 1 young (1024K), 1 survivors (1024K)
 Metaspace       used 13077K, capacity 13373K, committed 13696K, reserved 1060864K
  class space    used 1454K, capacity 1583K, committed 1664K, reserved 1048576K
}
Event: 151.560 GC heap before
{Heap before GC invocations=67 (full 0):
 garbage-first heap   total 564224K, used 448899K [0x0000000701800000, 0x0000000800000000)
  region size 1024K, 330 young (337920K), 1 survivors (1024K)
 Metaspace       used 13077K, capacity 13373K, committed 13696K, reserved 1060864K
  class space    used 1454K, capacity 1583K, committed 1664K, reserved 1048576K
}

