# JRE version: Java(TM) SE Runtime Environment (14.0.2+12) (build 14.0.2+12-46)
# Java VM: Java HotSpot(TM) 64-Bit Server VM (14.0.2+12-46, mixed mode, sharing, tiered, compressed oops, g1 gc, windows-amd64)
Heap:
 garbage-first heap   total 1048576K, used 6803K [0x0000000701800000, 0x0000000800000000)
  region size 1024K, 1 young (1024K), 1 survivors (1024K)
 Metaspace       used 12087K, capacity 12364K, committed 12672K, reserved 1060864K
  class space    used 1422K, capacity 1550K, committed 1664K, reserved 1048576K
GC Heap History (20 events):
Event: 26.065 GC heap after
{Heap after GC invocations=11 (full 0):
 garbage-first heap   total 262144K, used 6710K [0x0000000701800000, 0x0000000800000000)
  region size 1024K, 1 young (1024K), 1 survivors (1024K)
 Metaspace       used 12087K, capacity 12364K, committed 12672K, reserved 1060864K
  class space    used 1422K, capacity 1550K, committed 1664K, reserved 1048576K
}
Event: 26.076 GC heap before
{Heap before GC invocations=11 (full 0):
 garbage-first heap   total 262144K, used 161334K [0x0000000701800000, 0x0000000800000000)
  region size 1024K, 153 young (156672K), 1 survivors (1024K)
 Metaspace       used 12087K, capacity 12364K, committed 12672K, reserved 1060864K
  class space    used 1422K, capacity 1550K, committed 1664K, reserved 1048576K
}
Event: 26.077 GC heap after
{Heap after GC invocations=12 (full 0):
 garbage-first heap   total 262144K, used 6714K [0x0000000701800000, 0x0000000800000000)
  region size 1024K, 1 young (1024K), 1 survivors (1024K)
 Metaspace       used 12087K, capacity 12364K, committed 12672K, reserved 1060864K
  class space    used 1422K, capacity 1550K, committed 1664K, reserved 1048576K
}
Event: 26.089 GC heap before
{Heap before GC invocations=12 (full 0):
 garbage-first heap   total 262144K, used 161338K [0x0000000701800000, 0x0000000800000000)
  region size 1024K, 153 young (156672K), 1 survivors (1024K)
 Metaspace       used 12087K, capacity 12364K, committed 12672K, reserved 1060864K
  class space    used 1422K, capacity 1550K, committed 1664K, reserved 1048576K
}
Event: 26.090 GC heap after
{Heap after GC invocations=13 (full 0):
 garbage-first heap   total 262144K, used 6724K [0x0000000701800000, 0x0000000800000000)
  region size 1024K, 1 young (1024K), 1 survivors (1024K)
 Metaspace       used 12087K, capacity 12364K, committed 12672K, reserved 1060864K
  class space    used 1422K, capacity 1550K, committed 1664K, reserved 1048576K
}
Event: 26.101 GC heap before
{Heap before GC invocations=13 (full 0):
 garbage-first heap   total 262144K, used 161348K [0x0000000701800000, 0x0000000800000000)
  region size 1024K, 153 young (156672K), 1 survivors (1024K)
 Metaspace       used 12087K, capacity 12364K, committed 12672K, reserved 1060864K
  class space    used 1422K, capacity 1550K, committed 1664K, reserved 1048576K
}
Event: 26.102 GC heap after
{Heap after GC invocations=14 (full 0):
 garbage-first heap   total 262144K, used 6729K [0x0000000701800000, 0x0000000800000000)
  region size 1024K, 1 young (1024K), 1 survivors (1024K)
 Metaspace       used 12087K, capacity 12364K, committed 12672K, reserved 1060864K
  class space    used 1422K, capacity 1550K, committed 1664K, reserved 1048576K
}
Event: 26.113 GC heap before
{Heap before GC invocations=14 (full 0):
 garbage-first heap   total 262144K, used 161353K [0x0000000701800000, 0x0000000800000000)
  region size 1024K, 153 young (156672K), 1 survivors (1024K)
 Metaspace       used 12087K, capacity 12364K, committed 12672K, reserved 1060864K
  class space    used 1422K, capacity 1550K, committed 1664K, reserved 1048576K
}
Event: 26.114 GC heap after
{Heap after GC invocations=15 (full 0):
 garbage-first heap   total 262144K, used 6741K [0x0000000701800000, 0x0000000800000000)
  region size 1024K, 1 young (1024K), 1 survivors (1024K)
 Metaspace       used 12087K, capacity 12364K, committed 12672K, reserved 1060864K
  class space    used 1422K, capacity 1550K, committed 1664K, reserved 1048576K
}
Event: 26.126 GC heap before
{Heap before GC invocations=15 (full 0):
 garbage-first heap   total 262144K, used 161365K [0x0000000701800000, 0x0000000800000000)
  region size 1024K, 153 young (156672K), 1 survivors (1024K)
 Metaspace       used 12087K, capacity 12364K, committed 12672K, reserved 1060864K
  class space    used 1422K, capacity 1550K, committed 1664K, reserved 1048576K
}
Event: 26.127 GC heap after
{Heap after GC invocations=16 (full 0):
 garbage-first heap   total 262144K, used 6742K [0x0000000701800000, 0x0000000800000000)
  region size 1024K, 1 young (1024K), 1 survivors (1024K)
 Metaspace       used 12087K, capacity 12364K, committed 12672K, reserved 1060864K
  class space    used 1422K, capacity 1550K, committed 1664K, reserved 1048576K
}
Event: 26.139 GC heap before
{Heap before GC invocations=16 (full 0):
 garbage-first heap   total 262144K, used 161366K [0x0000000701800000, 0x0000000800000000)
  region size 1024K, 153 young (156672K), 1 survivors (1024K)
 Metaspace       used 12087K, capacity 12364K, committed 12672K, reserved 1060864K
  class space    used 1422K, capacity 1550K, committed 1664K, reserved 1048576K
}
Event: 26.142 GC heap after
{Heap after GC invocations=17 (full 0):
 garbage-first heap   total 524288K, used 6764K [0x0000000701800000, 0x0000000800000000)
  region size 1024K, 1 young (1024K), 1 survivors (1024K)
 Metaspace       used 12087K, capacity 12364K, committed 12672K, reserved 1060864K
  class space    used 1422K, capacity 1550K, committed 1664K, reserved 1048576K
}
Event: 26.237 GC heap before
{Heap before GC invocations=17 (full 0):
 garbage-first heap   total 524288K, used 319084K [0x0000000701800000, 0x0000000800000000)
  region size 1024K, 307 young (314368K), 1 survivors (1024K)
 Metaspace       used 12087K, capacity 12364K, committed 12672K, reserved 1060864K
  class space    used 1422K, capacity 1550K, committed 1664K, reserved 1048576K
}
Event: 26.238 GC heap after
{Heap after GC invocations=18 (full 0):
 garbage-first heap   total 524288K, used 6768K [0x0000000701800000, 0x0000000800000000)
  region size 1024K, 1 young (1024K), 1 survivors (1024K)
 Metaspace       used 12087K, capacity 12364K, committed 12672K, reserved 1060864K
  class space    used 1422K, capacity 1550K, committed 1664K, reserved 1048576K
}
Event: 26.266 GC heap before
{Heap before GC invocations=18 (full 0):
 garbage-first heap   total 524288K, used 319088K [0x0000000701800000, 0x0000000800000000)
  region size 1024K, 307 young (314368K), 1 survivors (1024K)
 Metaspace       used 12087K, capacity 12364K, committed 12672K, reserved 1060864K
  class space    used 1422K, capacity 1550K, committed 1664K, reserved 1048576K
}
Event: 26.267 GC heap after
{Heap after GC invocations=19 (full 0):
 garbage-first heap   total 524288K, used 6780K [0x0000000701800000, 0x0000000800000000)
  region size 1024K, 1 young (1024K), 1 survivors (1024K)
 Metaspace       used 12087K, capacity 12364K, committed 12672K, reserved 1060864K
  class space    used 1422K, capacity 1550K, committed 1664K, reserved 1048576K
}
Event: 26.295 GC heap before
{Heap before GC invocations=19 (full 0):
 garbage-first heap   total 524288K, used 319100K [0x0000000701800000, 0x0000000800000000)
  region size 1024K, 307 young (314368K), 1 survivors (1024K)
 Metaspace       used 12087K, capacity 12364K, committed 12672K, reserved 1060864K
  class space    used 1422K, capacity 1550K, committed 1664K, reserved 1048576K
}
Event: 26.296 GC heap after
{Heap after GC invocations=20 (full 0):
 garbage-first heap   total 524288K, used 6792K [0x0000000701800000, 0x0000000800000000)
  region size 1024K, 1 young (1024K), 1 survivors (1024K)
 Metaspace       used 12087K, capacity 12364K, committed 12672K, reserved 1060864K
  class space    used 1422K, capacity 1550K, committed 1664K, reserved 1048576K
}
Event: 26.317 GC heap before
{Heap before GC invocations=20 (full 0):
 garbage-first heap   total 524288K, used 319112K [0x0000000701800000, 0x0000000800000000)
  region size 1024K, 307 young (314368K), 1 survivors (1024K)
 Metaspace       used 12087K, capacity 12364K, committed 12672K, reserved 1060864K
  class space    used 1422K, capacity 1550K, committed 1664K, reserved 1048576K
}

